Flow report for FlappyBird
Sun May 29 23:18:34 2016
Quartus II 64-Bit Version 13.1.0 Build 162 10/23/2013 SJ Web Edition


---------------------
; Table of Contents ;
---------------------
  1. Legal Notice
  2. Flow Summary
  3. Flow Settings
  4. Flow Non-Default Global Settings
  5. Flow Elapsed Time
  6. Flow OS Summary
  7. Flow Log
  8. Flow Messages
  9. Flow Suppressed Messages



----------------
; Legal Notice ;
----------------
Copyright (C) 1991-2013 Altera Corporation
Your use of Altera Corporation's design tools, logic functions 
and other software and tools, and its AMPP partner logic 
functions, and any output files from any of the foregoing 
(including device programming or simulation files), and any 
associated documentation or information are expressly subject 
to the terms and conditions of the Altera Program License 
Subscription Agreement, Altera MegaCore Function License 
Agreement, or other applicable license agreement, including, 
without limitation, that your use is for the sole purpose of 
programming logic devices manufactured by Altera and sold by 
Altera or its authorized distributors.  Please refer to the 
applicable agreement for further details.



+---------------------------------------------------------------------------------+
; Flow Summary                                                                    ;
+------------------------------------+--------------------------------------------+
; Flow Status                        ; Successful - Sun May 29 23:18:34 2016      ;
; Quartus II 64-Bit Version          ; 13.1.0 Build 162 10/23/2013 SJ Web Edition ;
; Revision Name                      ; FlappyBird                                 ;
; Top-level Entity Name              ; Block_Mouse                                ;
; Family                             ; Cyclone III                                ;
; Device                             ; EP3C16F484C6                               ;
; Timing Models                      ; Final                                      ;
; Total logic elements               ; 1,955 / 15,408 ( 13 % )                    ;
;     Total combinational functions  ; 1,900 / 15,408 ( 12 % )                    ;
;     Dedicated logic registers      ; 361 / 15,408 ( 2 % )                       ;
; Total registers                    ; 361                                        ;
; Total pins                         ; 37 / 347 ( 11 % )                          ;
; Total virtual pins                 ; 0                                          ;
; Total memory bits                  ; 409,856 / 516,096 ( 79 % )                 ;
; Embedded Multiplier 9-bit elements ; 0 / 112 ( 0 % )                            ;
; Total PLLs                         ; 0 / 4 ( 0 % )                              ;
+------------------------------------+--------------------------------------------+


+-----------------------------------------+
; Flow Settings                           ;
+-------------------+---------------------+
; Option            ; Setting             ;
+-------------------+---------------------+
; Start date & time ; 05/29/2016 23:15:56 ;
; Main task         ; Compilation         ;
; Revision Name     ; FlappyBird          ;
+-------------------+---------------------+


+----------------------------------------------------------------------------------------------------------------------------+
; Flow Non-Default Global Settings                                                                                           ;
+-------------------------------------+---------------------------------------+---------------+-------------+----------------+
; Assignment Name                     ; Value                                 ; Default Value ; Entity Name ; Section Id     ;
+-------------------------------------+---------------------------------------+---------------+-------------+----------------+
; COMPILER_SIGNATURE_ID               ; 180419513760044.146452055506200       ; --            ; --          ; --             ;
; EDA_OUTPUT_DATA_FORMAT              ; Vhdl                                  ; --            ; --          ; eda_simulation ;
; EDA_SIMULATION_TOOL                 ; ModelSim-Altera (VHDL)                ; <None>        ; --          ; --             ;
; FITTER_EFFORT                       ; Fast Fit                              ; Auto Fit      ; --          ; --             ;
; IP_TOOL_NAME                        ; ROM: 1-PORT                           ; --            ; --          ; --             ;
; IP_TOOL_NAME                        ; ROM: 1-PORT                           ; --            ; --          ; --             ;
; IP_TOOL_NAME                        ; ROM: 1-PORT                           ; --            ; --          ; --             ;
; IP_TOOL_NAME                        ; ROM: 1-PORT                           ; --            ; --          ; --             ;
; IP_TOOL_NAME                        ; ROM: 1-PORT                           ; --            ; --          ; --             ;
; IP_TOOL_NAME                        ; ROM: 1-PORT                           ; --            ; --          ; --             ;
; IP_TOOL_NAME                        ; ROM: 1-PORT                           ; --            ; --          ; --             ;
; IP_TOOL_NAME                        ; ROM: 1-PORT                           ; --            ; --          ; --             ;
; IP_TOOL_NAME                        ; ROM: 1-PORT                           ; --            ; --          ; --             ;
; IP_TOOL_NAME                        ; ROM: 1-PORT                           ; --            ; --          ; --             ;
; IP_TOOL_NAME                        ; ROM: 1-PORT                           ; --            ; --          ; --             ;
; IP_TOOL_NAME                        ; ROM: 1-PORT                           ; --            ; --          ; --             ;
; IP_TOOL_NAME                        ; ROM: 1-PORT                           ; --            ; --          ; --             ;
; IP_TOOL_VERSION                     ; 13.1                                  ; --            ; --          ; --             ;
; IP_TOOL_VERSION                     ; 13.1                                  ; --            ; --          ; --             ;
; IP_TOOL_VERSION                     ; 13.1                                  ; --            ; --          ; --             ;
; IP_TOOL_VERSION                     ; 13.1                                  ; --            ; --          ; --             ;
; IP_TOOL_VERSION                     ; 13.1                                  ; --            ; --          ; --             ;
; IP_TOOL_VERSION                     ; 13.1                                  ; --            ; --          ; --             ;
; IP_TOOL_VERSION                     ; 13.1                                  ; --            ; --          ; --             ;
; IP_TOOL_VERSION                     ; 13.1                                  ; --            ; --          ; --             ;
; IP_TOOL_VERSION                     ; 13.1                                  ; --            ; --          ; --             ;
; IP_TOOL_VERSION                     ; 13.1                                  ; --            ; --          ; --             ;
; IP_TOOL_VERSION                     ; 13.1                                  ; --            ; --          ; --             ;
; IP_TOOL_VERSION                     ; 13.1                                  ; --            ; --          ; --             ;
; IP_TOOL_VERSION                     ; 13.1                                  ; --            ; --          ; --             ;
; MAX_CORE_JUNCTION_TEMP              ; 85                                    ; --            ; --          ; --             ;
; MIN_CORE_JUNCTION_TEMP              ; 0                                     ; --            ; --          ; --             ;
; MISC_FILE                           ; red_rom.bsf                           ; --            ; --          ; --             ;
; MISC_FILE                           ; red_rom_inst.vhd                      ; --            ; --          ; --             ;
; MISC_FILE                           ; red_rom.cmp                           ; --            ; --          ; --             ;
; MISC_FILE                           ; blue_rom.bsf                          ; --            ; --          ; --             ;
; MISC_FILE                           ; blue_rom_inst.vhd                     ; --            ; --          ; --             ;
; MISC_FILE                           ; blue_rom.cmp                          ; --            ; --          ; --             ;
; MISC_FILE                           ; green_rom.bsf                         ; --            ; --          ; --             ;
; MISC_FILE                           ; green_rom_inst.vhd                    ; --            ; --          ; --             ;
; MISC_FILE                           ; green_rom.cmp                         ; --            ; --          ; --             ;
; MISC_FILE                           ; pipe_red_rom.bsf                      ; --            ; --          ; --             ;
; MISC_FILE                           ; pipe_red_rom_inst.vhd                 ; --            ; --          ; --             ;
; MISC_FILE                           ; pipe_red_rom.cmp                      ; --            ; --          ; --             ;
; MISC_FILE                           ; pipe_blue_rom.bsf                     ; --            ; --          ; --             ;
; MISC_FILE                           ; pipe_blue_rom_inst.vhd                ; --            ; --          ; --             ;
; MISC_FILE                           ; pipe_blue_rom.cmp                     ; --            ; --          ; --             ;
; MISC_FILE                           ; pipe_green_rom.bsf                    ; --            ; --          ; --             ;
; MISC_FILE                           ; pipe_green_rom_inst.vhd               ; --            ; --          ; --             ;
; MISC_FILE                           ; pipe_green_rom.cmp                    ; --            ; --          ; --             ;
; MISC_FILE                           ; bird_red_rom.bsf                      ; --            ; --          ; --             ;
; MISC_FILE                           ; bird_red_rom_inst.vhd                 ; --            ; --          ; --             ;
; MISC_FILE                           ; bird_red_rom.cmp                      ; --            ; --          ; --             ;
; MISC_FILE                           ; bird_green_rom.bsf                    ; --            ; --          ; --             ;
; MISC_FILE                           ; bird_green_rom_inst.vhd               ; --            ; --          ; --             ;
; MISC_FILE                           ; bird_green_rom.cmp                    ; --            ; --          ; --             ;
; MISC_FILE                           ; bird_blue_rom.bsf                     ; --            ; --          ; --             ;
; MISC_FILE                           ; bird_blue_rom_inst.vhd                ; --            ; --          ; --             ;
; MISC_FILE                           ; bird_blue_rom.cmp                     ; --            ; --          ; --             ;
; MISC_FILE                           ; powerup_red_rom.bsf                   ; --            ; --          ; --             ;
; MISC_FILE                           ; powerup_red_rom_inst.vhd              ; --            ; --          ; --             ;
; MISC_FILE                           ; powerup_red_rom.cmp                   ; --            ; --          ; --             ;
; MISC_FILE                           ; powerup_green_rom.bsf                 ; --            ; --          ; --             ;
; MISC_FILE                           ; powerup_green_rom_inst.vhd            ; --            ; --          ; --             ;
; MISC_FILE                           ; powerup_green_rom.cmp                 ; --            ; --          ; --             ;
; MISC_FILE                           ; powerup_blue_rom.bsf                  ; --            ; --          ; --             ;
; MISC_FILE                           ; powerup_blue_rom_inst.vhd             ; --            ; --          ; --             ;
; MISC_FILE                           ; powerup_blue_rom.cmp                  ; --            ; --          ; --             ;
; MISC_FILE                           ; bird_rom.bsf                          ; --            ; --          ; --             ;
; MISC_FILE                           ; bird_rom_inst.vhd                     ; --            ; --          ; --             ;
; MISC_FILE                           ; bird_rom.cmp                          ; --            ; --          ; --             ;
; OUTPUT_IO_TIMING_FAR_END_VMEAS      ; Half Signal Swing                     ; --            ; --          ; --             ;
; OUTPUT_IO_TIMING_FAR_END_VMEAS      ; Half Signal Swing                     ; --            ; --          ; --             ;
; OUTPUT_IO_TIMING_NEAR_END_VMEAS     ; Half Vccio                            ; --            ; --          ; --             ;
; OUTPUT_IO_TIMING_NEAR_END_VMEAS     ; Half Vccio                            ; --            ; --          ; --             ;
; PARTITION_COLOR                     ; 16764057                              ; --            ; Block_Mouse ; Top            ;
; PARTITION_FITTER_PRESERVATION_LEVEL ; PLACEMENT_AND_ROUTING                 ; --            ; Block_Mouse ; Top            ;
; PARTITION_NETLIST_TYPE              ; SOURCE                                ; --            ; Block_Mouse ; Top            ;
; POWER_BOARD_THERMAL_MODEL           ; None (CONSERVATIVE)                   ; --            ; --          ; --             ;
; POWER_PRESET_COOLING_SOLUTION       ; 23 MM HEAT SINK WITH 200 LFPM AIRFLOW ; --            ; --          ; --             ;
; POWER_USE_INPUT_FILES               ; On                                    ; Off           ; --          ; --             ;
; PROJECT_OUTPUT_DIRECTORY            ; output_files                          ; --            ; --          ; --             ;
; TOP_LEVEL_ENTITY                    ; Block_Mouse                           ; FlappyBird    ; --          ; --             ;
+-------------------------------------+---------------------------------------+---------------+-------------+----------------+


+-------------------------------------------------------------------------------------------------------------------------------+
; Flow Elapsed Time                                                                                                             ;
+---------------------------+--------------+-------------------------+---------------------+------------------------------------+
; Module Name               ; Elapsed Time ; Average Processors Used ; Peak Virtual Memory ; Total CPU Time (on all processors) ;
+---------------------------+--------------+-------------------------+---------------------+------------------------------------+
; Analysis & Synthesis      ; 00:00:50     ; 1.0                     ; 620 MB              ; 00:00:42                           ;
; Fitter                    ; 00:00:55     ; 1.8                     ; 1247 MB             ; 00:00:56                           ;
; Assembler                 ; 00:00:06     ; 1.0                     ; 490 MB              ; 00:00:05                           ;
; TimeQuest Timing Analyzer ; 00:00:17     ; 1.1                     ; 608 MB              ; 00:00:15                           ;
; EDA Netlist Writer        ; 00:00:10     ; 1.0                     ; 470 MB              ; 00:00:09                           ;
; Total                     ; 00:02:18     ; --                      ; --                  ; 00:02:07                           ;
+---------------------------+--------------+-------------------------+---------------------+------------------------------------+


+----------------------------------------------------------------------------------------+
; Flow OS Summary                                                                        ;
+---------------------------+------------------+-----------+------------+----------------+
; Module Name               ; Machine Hostname ; OS Name   ; OS Version ; Processor type ;
+---------------------------+------------------+-----------+------------+----------------+
; Analysis & Synthesis      ; Nipoon           ; Windows 7 ; 6.2        ; x86_64         ;
; Fitter                    ; Nipoon           ; Windows 7 ; 6.2        ; x86_64         ;
; Assembler                 ; Nipoon           ; Windows 7 ; 6.2        ; x86_64         ;
; TimeQuest Timing Analyzer ; Nipoon           ; Windows 7 ; 6.2        ; x86_64         ;
; EDA Netlist Writer        ; Nipoon           ; Windows 7 ; 6.2        ; x86_64         ;
+---------------------------+------------------+-----------+------------+----------------+


------------
; Flow Log ;
------------
quartus_map --read_settings_files=on --write_settings_files=off FlappyBird -c FlappyBird
quartus_fit --read_settings_files=off --write_settings_files=off FlappyBird -c FlappyBird
quartus_asm --read_settings_files=off --write_settings_files=off FlappyBird -c FlappyBird
quartus_sta FlappyBird -c FlappyBird
quartus_eda --read_settings_files=off --write_settings_files=off FlappyBird -c FlappyBird



